<?xml version="1.0" encoding="UTF-8"?>
<!-- Generated by org.testng.reporters.JUnitReportReporter -->
<testsuite hostname="DESKTOP-LAETJ5A" failures="0" tests="1" name="com.Budgets.Utility.Electricity.PR008_Budget_V3_TC044_Utility_Electricity_PassthroughCharges_InspiredEnergyView_InvalidInput_AmberAndRedVAlidation" time="15.717" errors="0" timestamp="27 Sep 2021 04:49:04 GMT">
  <testcase classname="com.Budgets.Utility.Electricity.PR008_Budget_V3_TC044_Utility_Electricity_PassthroughCharges_InspiredEnergyView_InvalidInput_AmberAndRedVAlidation" name="BudgetConsoleVerifyTest" time="15.717"/>
</testsuite> <!-- com.Budgets.Utility.Electricity.PR008_Budget_V3_TC044_Utility_Electricity_PassthroughCharges_InspiredEnergyView_InvalidInput_AmberAndRedVAlidation -->
