<?xml version="1.0" encoding="UTF-8"?>
<!-- Generated by org.testng.reporters.JUnitReportReporter -->
<testsuite hostname="DESKTOP-LAETJ5A" failures="0" tests="10" name="com.Pricecast.Settings.Tests.PR163_TC03_Verify_SupplierUplifts_Screen" time="121.806" errors="0" timestamp="20 Sep 2021 04:15:09 GMT">
  <testcase classname="com.Pricecast.Settings.Tests.PR163_TC03_Verify_SupplierUplifts_Screen" name="SupplierUplift_MandatoryValidations_Gas" time="10.382"/>
  <testcase classname="com.Pricecast.Settings.Tests.PR163_TC03_Verify_SupplierUplifts_Screen" name="supplierUplift_NumericValidations_Power" time="15.573"/>
  <testcase classname="com.Pricecast.Settings.Tests.PR163_TC03_Verify_SupplierUplifts_Screen" name="SupplierUpliftSuccess_Power" time="13.898"/>
  <testcase classname="com.Pricecast.Settings.Tests.PR163_TC03_Verify_SupplierUplifts_Screen" name="SupplierUplift_RangeValidation_Gas" time="12.006"/>
  <testcase classname="com.Pricecast.Settings.Tests.PR163_TC03_Verify_SupplierUplifts_Screen" name="supplierUplift_NumericValidations_Gas" time="11.657"/>
  <testcase classname="com.Pricecast.Settings.Tests.PR163_TC03_Verify_SupplierUplifts_Screen" name="columnVerification_Power" time="10.606"/>
  <testcase classname="com.Pricecast.Settings.Tests.PR163_TC03_Verify_SupplierUplifts_Screen" name="SupplierUplift_MandatoryValidations_Power" time="12.638"/>
  <testcase classname="com.Pricecast.Settings.Tests.PR163_TC03_Verify_SupplierUplifts_Screen" name="columnVerification_Gas" time="8.322"/>
  <testcase classname="com.Pricecast.Settings.Tests.PR163_TC03_Verify_SupplierUplifts_Screen" name="SupplierUpliftSuccess_Gas" time="12.451"/>
  <testcase classname="com.Pricecast.Settings.Tests.PR163_TC03_Verify_SupplierUplifts_Screen" name="SupplierUplift_RangeValidation_Power" time="14.273"/>
</testsuite> <!-- com.Pricecast.Settings.Tests.PR163_TC03_Verify_SupplierUplifts_Screen -->
