<?xml version="1.0" encoding="UTF-8"?>
<!-- Generated by org.testng.reporters.JUnitReportReporter -->
<testsuite hostname="DESKTOP-LAETJ5A" failures="0" tests="4" name="com.Pricecast.Settings.Tests.PR163_TC01_Verify_Broker_Account_Screen" time="38.554" errors="0" timestamp="20 Sep 2021 04:15:09 GMT">
  <testcase classname="com.Pricecast.Settings.Tests.PR163_TC01_Verify_Broker_Account_Screen" name="BrokerAccount_Success" time="9.391"/>
  <testcase classname="com.Pricecast.Settings.Tests.PR163_TC01_Verify_Broker_Account_Screen" name="BrokerAccount_RangeValidation" time="9.949"/>
  <testcase classname="com.Pricecast.Settings.Tests.PR163_TC01_Verify_Broker_Account_Screen" name="BrokerAccount_MandatoryValidations" time="9.665"/>
  <testcase classname="com.Pricecast.Settings.Tests.PR163_TC01_Verify_Broker_Account_Screen" name="BrokerAccount_NumericValidations" time="9.549"/>
</testsuite> <!-- com.Pricecast.Settings.Tests.PR163_TC01_Verify_Broker_Account_Screen -->
