<?xml version="1.0" encoding="UTF-8"?>
<!-- Generated by org.testng.reporters.JUnitReportReporter -->
<testsuite hostname="DESKTOP-LAETJ5A" failures="0" tests="3" name="com.AutoII.PR184_TC01_AutoInstantInsights" time="24.521" errors="0" timestamp="27 Sep 2021 08:03:08 GMT">
  <testcase classname="com.AutoII.PR184_TC01_AutoInstantInsights" name="verifyAutoII" time="2.877"/>
  <testcase classname="com.AutoII.PR184_TC01_AutoInstantInsights" name="verifyFunctionality" time="16.476"/>
  <testcase classname="com.AutoII.PR184_TC01_AutoInstantInsights" name="errorValidation" time="5.168"/>
</testsuite> <!-- com.AutoII.PR184_TC01_AutoInstantInsights -->
