<?xml version="1.0" encoding="UTF-8"?>
<!-- Generated by org.testng.reporters.JUnitReportReporter -->
<testsuite hostname="DESKTOP-LAETJ5A" failures="0" tests="3" name="com.Pricecast.Settings.Tests.PR163_TC06_Verify_SupplierScript_Screen" time="32.407" errors="0" timestamp="20 Sep 2021 04:15:09 GMT">
  <testcase classname="com.Pricecast.Settings.Tests.PR163_TC06_Verify_SupplierScript_Screen" name="SupplierScreen_AddNew" time="11.148"/>
  <testcase classname="com.Pricecast.Settings.Tests.PR163_TC06_Verify_SupplierScript_Screen" name="AccessSupplierScreen" time="11.185"/>
  <testcase classname="com.Pricecast.Settings.Tests.PR163_TC06_Verify_SupplierScript_Screen" name="SupplierScreen_Validation" time="10.074"/>
</testsuite> <!-- com.Pricecast.Settings.Tests.PR163_TC06_Verify_SupplierScript_Screen -->
