<?xml version="1.0" encoding="UTF-8"?>
<!-- Generated by org.testng.reporters.JUnitReportReporter -->
<testsuite hostname="DESKTOP-LAETJ5A" failures="0" tests="5" name="com.Pricecast.AdminSettings.PR163_TC06_Verify_TariffMappingSQL" time="59.027" errors="0" timestamp="20 Sep 2021 03:46:34 GMT">
  <testcase classname="com.Pricecast.AdminSettings.PR163_TC06_Verify_TariffMappingSQL" name="addMapping" time="12.593"/>
  <testcase classname="com.Pricecast.AdminSettings.PR163_TC06_Verify_TariffMappingSQL" name="deleteMapping" time="12.492"/>
  <testcase classname="com.Pricecast.AdminSettings.PR163_TC06_Verify_TariffMappingSQL" name="AccessTariffMapping" time="7.944"/>
  <testcase classname="com.Pricecast.AdminSettings.PR163_TC06_Verify_TariffMappingSQL" name="editMapping" time="17.098"/>
  <testcase classname="com.Pricecast.AdminSettings.PR163_TC06_Verify_TariffMappingSQL" name="errorValidations" time="8.900"/>
</testsuite> <!-- com.Pricecast.AdminSettings.PR163_TC06_Verify_TariffMappingSQL -->
