<?xml version="1.0" encoding="UTF-8"?>
<!-- Generated by org.testng.reporters.JUnitReportReporter -->
<testsuite hostname="DESKTOP-LAETJ5A" failures="0" tests="1" name="com.Pricecast.AdminSettings.PR163_TC01_Verify_Admin_Access" time="5.111" errors="0" timestamp="20 Sep 2021 03:46:34 GMT">
  <testcase classname="com.Pricecast.AdminSettings.PR163_TC01_Verify_Admin_Access" name="AccessAdmin" time="5.111"/>
</testsuite> <!-- com.Pricecast.AdminSettings.PR163_TC01_Verify_Admin_Access -->
