<?xml version="1.0" encoding="UTF-8"?>
<!-- Generated by org.testng.reporters.JUnitReportReporter -->
<testsuite hostname="DESKTOP-LAETJ5A" failures="0" tests="5" name="com.Pricecast.Settings.Tests.PR163_TC04_Verify_UpliftIncrements_Screen" time="57.825" errors="0" timestamp="20 Sep 2021 04:15:09 GMT">
  <testcase classname="com.Pricecast.Settings.Tests.PR163_TC04_Verify_UpliftIncrements_Screen" name="SupplierUplift_NumericValidation_Gas" time="11.318"/>
  <testcase classname="com.Pricecast.Settings.Tests.PR163_TC04_Verify_UpliftIncrements_Screen" name="UpliftIncrements_Gas" time="11.657"/>
  <testcase classname="com.Pricecast.Settings.Tests.PR163_TC04_Verify_UpliftIncrements_Screen" name="columnVerification_Gas" time="9.804"/>
  <testcase classname="com.Pricecast.Settings.Tests.PR163_TC04_Verify_UpliftIncrements_Screen" name="UpliftIncrements_Power" time="14.142"/>
  <testcase classname="com.Pricecast.Settings.Tests.PR163_TC04_Verify_UpliftIncrements_Screen" name="columnVerification_Power" time="10.904"/>
</testsuite> <!-- com.Pricecast.Settings.Tests.PR163_TC04_Verify_UpliftIncrements_Screen -->
