<?xml version="1.0" encoding="UTF-8"?>
<!-- Generated by org.testng.reporters.JUnitReportReporter -->
<testsuite hostname="DESKTOP-LAETJ5A" failures="0" tests="2" name="com.Pricecast.AdminSettings.PR163_TC04_Verify_Pending_Sheets" time="17.304" errors="0" timestamp="20 Sep 2021 03:46:34 GMT">
  <testcase classname="com.Pricecast.AdminSettings.PR163_TC04_Verify_Pending_Sheets" name="checkPendingSheets" time="7.760"/>
  <testcase classname="com.Pricecast.AdminSettings.PR163_TC04_Verify_Pending_Sheets" name="AccessPendingSheets" time="9.544"/>
</testsuite> <!-- com.Pricecast.AdminSettings.PR163_TC04_Verify_Pending_Sheets -->
