<?xml version="1.0" encoding="UTF-8"?>
<!-- Generated by org.testng.reporters.JUnitReportReporter -->
<testsuite hostname="DESKTOP-LAETJ5A" failures="0" tests="10" name="com.Pricecast.Settings.Tests.PR163_TC014_Verify_SupplierDiscounts_Screen" time="107.945" errors="0" timestamp="20 Sep 2021 04:15:09 GMT">
  <testcase classname="com.Pricecast.Settings.Tests.PR163_TC014_Verify_SupplierDiscounts_Screen" name="SupplierDiscountsSuccess_Gas" time="11.660"/>
  <testcase classname="com.Pricecast.Settings.Tests.PR163_TC014_Verify_SupplierDiscounts_Screen" name="columnVerification_Gas" time="7.412"/>
  <testcase classname="com.Pricecast.Settings.Tests.PR163_TC014_Verify_SupplierDiscounts_Screen" name="rangeValidation_Power" time="11.828"/>
  <testcase classname="com.Pricecast.Settings.Tests.PR163_TC014_Verify_SupplierDiscounts_Screen" name="SupplierDiscountsSuccess_Power" time="13.457"/>
  <testcase classname="com.Pricecast.Settings.Tests.PR163_TC014_Verify_SupplierDiscounts_Screen" name="rangeValidation_Gas" time="9.684"/>
  <testcase classname="com.Pricecast.Settings.Tests.PR163_TC014_Verify_SupplierDiscounts_Screen" name="greaterValidation_Gas" time="9.713"/>
  <testcase classname="com.Pricecast.Settings.Tests.PR163_TC014_Verify_SupplierDiscounts_Screen" name="greaterValidation_Power" time="11.732"/>
  <testcase classname="com.Pricecast.Settings.Tests.PR163_TC014_Verify_SupplierDiscounts_Screen" name="columnVerification_Power" time="9.505"/>
  <testcase classname="com.Pricecast.Settings.Tests.PR163_TC014_Verify_SupplierDiscounts_Screen" name="mandatoryValidation_Gas" time="11.035"/>
  <testcase classname="com.Pricecast.Settings.Tests.PR163_TC014_Verify_SupplierDiscounts_Screen" name="mandatoryValidation_Power" time="11.919"/>
</testsuite> <!-- com.Pricecast.Settings.Tests.PR163_TC014_Verify_SupplierDiscounts_Screen -->
