<?xml version="1.0" encoding="UTF-8"?>
<!-- Generated by org.testng.reporters.JUnitReportReporter -->
<testsuite hostname="DESKTOP-LAETJ5A" failures="0" tests="5" name="com.Pricecast.Settings.Tests.PR163_TC11_Verify_DeemedPowerPrices_Screen" time="53.903" errors="0" timestamp="20 Sep 2021 04:15:09 GMT">
  <testcase classname="com.Pricecast.Settings.Tests.PR163_TC11_Verify_DeemedPowerPrices_Screen" name="DeemedPowerPrices_NumericValidation_Power" time="10.570"/>
  <testcase classname="com.Pricecast.Settings.Tests.PR163_TC11_Verify_DeemedPowerPrices_Screen" name="DeemedPowerPrices_columnVerification" time="11.530"/>
  <testcase classname="com.Pricecast.Settings.Tests.PR163_TC11_Verify_DeemedPowerPrices_Screen" name="DeemedPowerPrices_MandatoryValidation" time="9.729"/>
  <testcase classname="com.Pricecast.Settings.Tests.PR163_TC11_Verify_DeemedPowerPrices_Screen" name="AccessDeemedPowerPrices" time="12.202"/>
  <testcase classname="com.Pricecast.Settings.Tests.PR163_TC11_Verify_DeemedPowerPrices_Screen" name="DeemedPowerPrices_RangeValidation" time="9.872"/>
</testsuite> <!-- com.Pricecast.Settings.Tests.PR163_TC11_Verify_DeemedPowerPrices_Screen -->
