<?xml version="1.0" encoding="UTF-8"?>
<!-- Generated by org.testng.reporters.JUnitReportReporter -->
<testsuite hostname="DESKTOP-LAETJ5A" failures="0" tests="3" name="com.Pricecast.Settings.Tests.PR163_TC02_Verify_Broker_Stats_Screen" time="20.625" errors="0" timestamp="20 Sep 2021 04:15:09 GMT">
  <testcase classname="com.Pricecast.Settings.Tests.PR163_TC02_Verify_Broker_Stats_Screen" name="showStats" time="8.521"/>
  <testcase classname="com.Pricecast.Settings.Tests.PR163_TC02_Verify_Broker_Stats_Screen" name="BrokerStatsPageVerification" time="6.483"/>
  <testcase classname="com.Pricecast.Settings.Tests.PR163_TC02_Verify_Broker_Stats_Screen" name="AccessBrokerStats" time="5.621"/>
</testsuite> <!-- com.Pricecast.Settings.Tests.PR163_TC02_Verify_Broker_Stats_Screen -->
