<?xml version="1.0" encoding="UTF-8"?>
<!-- Generated by org.testng.reporters.JUnitReportReporter -->
<testsuite hostname="DESKTOP-LAETJ5A" failures="0" tests="1" name="com.Budgets.Utility.Electricity.PR008_Budget_V3_TC099_Utility_Electricity_PassthroughCharges_InspiredEnergyView_AmberValidation_CancelledImport" time="15.859" errors="0" timestamp="20 Sep 2021 11:00:43 GMT">
  <testcase classname="com.Budgets.Utility.Electricity.PR008_Budget_V3_TC099_Utility_Electricity_PassthroughCharges_InspiredEnergyView_AmberValidation_CancelledImport" name="BudgetConsoleVerifyTest" time="15.859"/>
</testsuite> <!-- com.Budgets.Utility.Electricity.PR008_Budget_V3_TC099_Utility_Electricity_PassthroughCharges_InspiredEnergyView_AmberValidation_CancelledImport -->
