<?xml version="1.0" encoding="UTF-8"?>
<!-- Generated by org.testng.reporters.JUnitReportReporter -->
<testsuite hostname="DESKTOP-LAETJ5A" failures="0" tests="3" name="com.AutoII.PR184_TCO5_CustomerLogin" time="39.621" errors="0" timestamp="20 Sep 2021 03:38:55 GMT">
  <testcase classname="com.AutoII.PR184_TCO5_CustomerLogin" name="verifyCustomer" time="19.354"/>
  <testcase classname="com.AutoII.PR184_TCO5_CustomerLogin" name="verifyCharacterCount" time="10.624"/>
  <testcase classname="com.AutoII.PR184_TCO5_CustomerLogin" name="errorValidation" time="9.643"/>
</testsuite> <!-- com.AutoII.PR184_TCO5_CustomerLogin -->
