<?xml version="1.0" encoding="UTF-8"?>
<!-- Generated by org.testng.reporters.JUnitReportReporter -->
<testsuite hostname="DESKTOP-LAETJ5A" failures="0" tests="1" name="com.Budgets.Utility.Electricity.PR008_Budget_V3_TC001_Utility_Electricity_Meters_ValidInput_GreenValidation" time="22.085" errors="0" timestamp="28 Sep 2021 11:34:24 GMT">
  <testcase classname="com.Budgets.Utility.Electricity.PR008_Budget_V3_TC001_Utility_Electricity_Meters_ValidInput_GreenValidation" name="newBudget" time="22.085"/>
</testsuite> <!-- com.Budgets.Utility.Electricity.PR008_Budget_V3_TC001_Utility_Electricity_Meters_ValidInput_GreenValidation -->
