<?xml version="1.0" encoding="UTF-8"?>
<!-- Generated by org.testng.reporters.JUnitReportReporter -->
<testsuite hostname="DESKTOP-LAETJ5A" failures="0" tests="7" name="com.Pricecast.Settings.Tests.PR163_TC013_Verify_PowerSuppliers_Screen" time="80.777" errors="0" timestamp="20 Sep 2021 04:15:09 GMT">
  <testcase classname="com.Pricecast.Settings.Tests.PR163_TC013_Verify_PowerSuppliers_Screen" name="mandatoryValidations" time="12.195"/>
  <testcase classname="com.Pricecast.Settings.Tests.PR163_TC013_Verify_PowerSuppliers_Screen" name="greaterValidation" time="12.251"/>
  <testcase classname="com.Pricecast.Settings.Tests.PR163_TC013_Verify_PowerSuppliers_Screen" name="AccessPowerSupplier" time="9.367"/>
  <testcase classname="com.Pricecast.Settings.Tests.PR163_TC013_Verify_PowerSuppliers_Screen" name="PowerSupplierPageVerification" time="6.823"/>
  <testcase classname="com.Pricecast.Settings.Tests.PR163_TC013_Verify_PowerSuppliers_Screen" name="EditSupplier" time="12.354"/>
  <testcase classname="com.Pricecast.Settings.Tests.PR163_TC013_Verify_PowerSuppliers_Screen" name="Mapping" time="16.526"/>
  <testcase classname="com.Pricecast.Settings.Tests.PR163_TC013_Verify_PowerSuppliers_Screen" name="rangeValidations" time="11.261"/>
</testsuite> <!-- com.Pricecast.Settings.Tests.PR163_TC013_Verify_PowerSuppliers_Screen -->
