<?xml version="1.0" encoding="UTF-8"?>
<!-- Generated by org.testng.reporters.JUnitReportReporter -->
<testsuite hostname="DESKTOP-LAETJ5A" failures="0" tests="1" name="com.Budgets.Utility.Electricity.PR008_Budget_V3_TC113_BudgetConsole_Electricity_InformationTab_Calculate_RedValidation" time="105.738" errors="0" timestamp="27 Sep 2021 04:49:04 GMT">
  <testcase classname="com.Budgets.Utility.Electricity.PR008_Budget_V3_TC113_BudgetConsole_Electricity_InformationTab_Calculate_RedValidation" name="BudgetConsoleVerifyTest" time="105.738"/>
</testsuite> <!-- com.Budgets.Utility.Electricity.PR008_Budget_V3_TC113_BudgetConsole_Electricity_InformationTab_Calculate_RedValidation -->
