<?xml version="1.0" encoding="UTF-8"?>
<!-- Generated by org.testng.reporters.JUnitReportReporter -->
<testsuite hostname="DESKTOP-LAETJ5A" failures="0" tests="1" name="com.Budgets.Utility.Electricity.PR008_Budget_V3_TC018_Utility_Electricity_KVArh_ValidInput_AmberValidation" time="18.139" errors="0" timestamp="20 Sep 2021 11:00:42 GMT">
  <testcase classname="com.Budgets.Utility.Electricity.PR008_Budget_V3_TC018_Utility_Electricity_KVArh_ValidInput_AmberValidation" name="BudgetConsoleVerifyTest" time="18.139"/>
</testsuite> <!-- com.Budgets.Utility.Electricity.PR008_Budget_V3_TC018_Utility_Electricity_KVArh_ValidInput_AmberValidation -->
