<?xml version="1.0" encoding="UTF-8"?>
<!-- Generated by org.testng.reporters.JUnitReportReporter -->
<testsuite hostname="DESKTOP-LAETJ5A" failures="0" tests="1" name="com.Budgets.Utility.Electricity.PR008_Budget_V3_TC028_Utility_Electricity_ForcastCharges_Validinput_AmberValidation" time="18.571" errors="0" timestamp="27 Sep 2021 04:49:04 GMT">
  <testcase classname="com.Budgets.Utility.Electricity.PR008_Budget_V3_TC028_Utility_Electricity_ForcastCharges_Validinput_AmberValidation" name="BudgetConsoleVerifyTest" time="18.571"/>
</testsuite> <!-- com.Budgets.Utility.Electricity.PR008_Budget_V3_TC028_Utility_Electricity_ForcastCharges_Validinput_AmberValidation -->
