<?xml version="1.0" encoding="UTF-8"?>
<!-- Generated by org.testng.reporters.JUnitReportReporter -->
<testsuite hostname="DESKTOP-LAETJ5A" failures="0" tests="4" name="com.CarbonIntensity.PR173_TC01_CarbonIntensity" time="17.187" errors="0" timestamp="20 Sep 2021 03:35:44 GMT">
  <testcase classname="com.CarbonIntensity.PR173_TC01_CarbonIntensity" name="VerifyGetInTouch" time="3.795"/>
  <testcase classname="com.CarbonIntensity.PR173_TC01_CarbonIntensity" name="VerifyRegionalData" time="5.434"/>
  <testcase classname="com.CarbonIntensity.PR173_TC01_CarbonIntensity" name="VerifyPage" time="3.321"/>
  <testcase classname="com.CarbonIntensity.PR173_TC01_CarbonIntensity" name="VerifyCIModal" time="4.637"/>
</testsuite> <!-- com.CarbonIntensity.PR173_TC01_CarbonIntensity -->
