<?xml version="1.0" encoding="UTF-8"?>
<!-- Generated by org.testng.reporters.JUnitReportReporter -->
<testsuite hostname="DESKTOP-LAETJ5A" failures="0" tests="2" name="com.Pricecast.AdminSettings.PR163_TC03_Verify_Delete_Sheets" time="50.132" errors="0" timestamp="20 Sep 2021 03:46:34 GMT">
  <testcase classname="com.Pricecast.AdminSettings.PR163_TC03_Verify_Delete_Sheets" name="deleteSelectedSheets" time="42.233"/>
  <testcase classname="com.Pricecast.AdminSettings.PR163_TC03_Verify_Delete_Sheets" name="AccessDeleteSheets" time="7.899"/>
</testsuite> <!-- com.Pricecast.AdminSettings.PR163_TC03_Verify_Delete_Sheets -->
