<?xml version="1.0" encoding="UTF-8"?>
<!-- Generated by org.testng.reporters.JUnitReportReporter -->
<testsuite hostname="DESKTOP-LAETJ5A" failures="0" tests="1" name="com.Budgets.Utility.Electricity.PR008_Budget_V3_TC088_Utility_Electricity_ForcastCharges_InvalidInput_AmberAndRedValidation_FailedImport" time="16.228" errors="0" timestamp="20 Sep 2021 11:00:42 GMT">
  <testcase classname="com.Budgets.Utility.Electricity.PR008_Budget_V3_TC088_Utility_Electricity_ForcastCharges_InvalidInput_AmberAndRedValidation_FailedImport" name="BudgetConsoleVerifyTest" time="16.228"/>
</testsuite> <!-- com.Budgets.Utility.Electricity.PR008_Budget_V3_TC088_Utility_Electricity_ForcastCharges_InvalidInput_AmberAndRedValidation_FailedImport -->
