<?xml version="1.0" encoding="UTF-8"?>
<!-- Generated by org.testng.reporters.JUnitReportReporter -->
<testsuite hostname="DESKTOP-LAETJ5A" failures="0" tests="1" name="com.Budgets.Utility.Electricity.PR008_Budget_V3_TC054_Utility_Electricity_TPRs_Factors_TransmissionLossFactors_InvalidInput_AmberAndRedValidation" time="16.684" errors="0" timestamp="20 Sep 2021 11:00:42 GMT">
  <testcase classname="com.Budgets.Utility.Electricity.PR008_Budget_V3_TC054_Utility_Electricity_TPRs_Factors_TransmissionLossFactors_InvalidInput_AmberAndRedValidation" name="BudgetConsoleVerifyTest" time="16.684"/>
</testsuite> <!-- com.Budgets.Utility.Electricity.PR008_Budget_V3_TC054_Utility_Electricity_TPRs_Factors_TransmissionLossFactors_InvalidInput_AmberAndRedValidation -->
