<?xml version="1.0" encoding="UTF-8"?>
<!-- Generated by org.testng.reporters.JUnitReportReporter -->
<testsuite hostname="DESKTOP-LAETJ5A" failures="0" tests="4" name="com.Pricecast.Settings.Tests.PR163_TC08_Verify_SupplierProductFilter_Screen" time="45.939" errors="0" timestamp="20 Sep 2021 04:15:09 GMT">
  <testcase classname="com.Pricecast.Settings.Tests.PR163_TC08_Verify_SupplierProductFilter_Screen" name="SupplierProductFilters_Power" time="14.596"/>
  <testcase classname="com.Pricecast.Settings.Tests.PR163_TC08_Verify_SupplierProductFilter_Screen" name="SupplierProductFilters_columnVerification_Gas" time="7.905"/>
  <testcase classname="com.Pricecast.Settings.Tests.PR163_TC08_Verify_SupplierProductFilter_Screen" name="SupplierProductFilters_columnVerification_Power" time="9.685"/>
  <testcase classname="com.Pricecast.Settings.Tests.PR163_TC08_Verify_SupplierProductFilter_Screen" name="SupplierProductFilters_Gas" time="13.753"/>
</testsuite> <!-- com.Pricecast.Settings.Tests.PR163_TC08_Verify_SupplierProductFilter_Screen -->
