<?xml version="1.0" encoding="UTF-8"?>
<!-- Generated by org.testng.reporters.JUnitReportReporter -->
<testsuite hostname="DESKTOP-LAETJ5A" failures="0" tests="7" name="com.Pricecast.AdminSettings.PR163_TC07_Verify_HelpText" time="75.403" errors="0" timestamp="20 Sep 2021 03:46:34 GMT">
  <testcase classname="com.Pricecast.AdminSettings.PR163_TC07_Verify_HelpText" name="addNewRow" time="9.483"/>
  <testcase classname="com.Pricecast.AdminSettings.PR163_TC07_Verify_HelpText" name="errorValidations" time="9.573"/>
  <testcase classname="com.Pricecast.AdminSettings.PR163_TC07_Verify_HelpText" name="editRow" time="16.580"/>
  <testcase classname="com.Pricecast.AdminSettings.PR163_TC07_Verify_HelpText" name="deleteRow" time="9.221"/>
  <testcase classname="com.Pricecast.AdminSettings.PR163_TC07_Verify_HelpText" name="duplicateValidation" time="15.290"/>
  <testcase classname="com.Pricecast.AdminSettings.PR163_TC07_Verify_HelpText" name="AccessHelpText" time="7.341"/>
  <testcase classname="com.Pricecast.AdminSettings.PR163_TC07_Verify_HelpText" name="mandatoryValidations" time="7.915"/>
</testsuite> <!-- com.Pricecast.AdminSettings.PR163_TC07_Verify_HelpText -->
