<?xml version="1.0" encoding="UTF-8"?>
<!-- Generated by org.testng.reporters.JUnitReportReporter -->
<testsuite hostname="DESKTOP-LAETJ5A" failures="0" tests="1" name="com.Budgets.Utility.Electricity.PR008_Budget_V3_TC065_Utility_Electricity_TPRs_Factors_TransmissionLossFactors_DNORAGTimes_InvalidHeader" time="11.078" errors="0" timestamp="27 Sep 2021 04:49:04 GMT">
  <testcase classname="com.Budgets.Utility.Electricity.PR008_Budget_V3_TC065_Utility_Electricity_TPRs_Factors_TransmissionLossFactors_DNORAGTimes_InvalidHeader" name="BudgetConsoleVerifyTest" time="11.078"/>
</testsuite> <!-- com.Budgets.Utility.Electricity.PR008_Budget_V3_TC065_Utility_Electricity_TPRs_Factors_TransmissionLossFactors_DNORAGTimes_InvalidHeader -->
