<?xml version="1.0" encoding="UTF-8"?>
<!-- Generated by org.testng.reporters.JUnitReportReporter -->
<testsuite hostname="DESKTOP-LAETJ5A" failures="0" tests="4" name="com.Pricecast.AdminSettings.PR163_TC08_Verify_ShowConfig" time="26.581" errors="0" timestamp="20 Sep 2021 03:46:34 GMT">
  <testcase classname="com.Pricecast.AdminSettings.PR163_TC08_Verify_ShowConfig" name="exportExcel" time="6.134"/>
  <testcase classname="com.Pricecast.AdminSettings.PR163_TC08_Verify_ShowConfig" name="uploadConfig" time="6.763"/>
  <testcase classname="com.Pricecast.AdminSettings.PR163_TC08_Verify_ShowConfig" name="errorValidation" time="6.219"/>
  <testcase classname="com.Pricecast.AdminSettings.PR163_TC08_Verify_ShowConfig" name="AccessShowConfig" time="7.465"/>
</testsuite> <!-- com.Pricecast.AdminSettings.PR163_TC08_Verify_ShowConfig -->
