<?xml version="1.0" encoding="UTF-8"?>
<!-- Generated by org.testng.reporters.JUnitReportReporter -->
<testsuite hostname="DESKTOP-LAETJ5A" failures="0" tests="5" name="com.Pricecast.Settings.Tests.PR163_TC10_Verify_DeemedGasPrices_Screen" time="50.441" errors="0" timestamp="20 Sep 2021 04:15:09 GMT">
  <testcase classname="com.Pricecast.Settings.Tests.PR163_TC10_Verify_DeemedGasPrices_Screen" name="DeemedGasPrices_NumericValidation_Gas" time="9.237"/>
  <testcase classname="com.Pricecast.Settings.Tests.PR163_TC10_Verify_DeemedGasPrices_Screen" name="AccessDeemedGasPrices" time="10.960"/>
  <testcase classname="com.Pricecast.Settings.Tests.PR163_TC10_Verify_DeemedGasPrices_Screen" name="DeemedGasPrices_RangeValidation" time="9.389"/>
  <testcase classname="com.Pricecast.Settings.Tests.PR163_TC10_Verify_DeemedGasPrices_Screen" name="DeemedGasPrices_MandatoryValidation" time="9.514"/>
  <testcase classname="com.Pricecast.Settings.Tests.PR163_TC10_Verify_DeemedGasPrices_Screen" name="DeemedGasPrices_columnVerification" time="11.341"/>
</testsuite> <!-- com.Pricecast.Settings.Tests.PR163_TC10_Verify_DeemedGasPrices_Screen -->
