<?xml version="1.0" encoding="UTF-8"?>
<!-- Generated by org.testng.reporters.JUnitReportReporter -->
<testsuite hostname="DESKTOP-LAETJ5A" failures="0" tests="10" name="com.Pricecast.Settings.Tests.PR163_TC09_Verify_DefaultCommision_Screen" time="108.046" errors="0" timestamp="20 Sep 2021 04:15:09 GMT">
  <testcase classname="com.Pricecast.Settings.Tests.PR163_TC09_Verify_DefaultCommision_Screen" name="DefaultCommision_RangeValidation_Gas" time="9.869"/>
  <testcase classname="com.Pricecast.Settings.Tests.PR163_TC09_Verify_DefaultCommision_Screen" name="DefaultCommision_Power" time="13.163"/>
  <testcase classname="com.Pricecast.Settings.Tests.PR163_TC09_Verify_DefaultCommision_Screen" name="DefaultCommision_columnVerification_Gas" time="7.283"/>
  <testcase classname="com.Pricecast.Settings.Tests.PR163_TC09_Verify_DefaultCommision_Screen" name="DefaultCommision_NumericValidation_Power" time="12.133"/>
  <testcase classname="com.Pricecast.Settings.Tests.PR163_TC09_Verify_DefaultCommision_Screen" name="DefaultCommision_MandatoryValidation_Power" time="11.943"/>
  <testcase classname="com.Pricecast.Settings.Tests.PR163_TC09_Verify_DefaultCommision_Screen" name="DefaultCommision_Gas" time="11.132"/>
  <testcase classname="com.Pricecast.Settings.Tests.PR163_TC09_Verify_DefaultCommision_Screen" name="DefaultCommision_columnVerification_Power" time="10.641"/>
  <testcase classname="com.Pricecast.Settings.Tests.PR163_TC09_Verify_DefaultCommision_Screen" name="DefaultCommision_NumericValidation_Gas" time="9.673"/>
  <testcase classname="com.Pricecast.Settings.Tests.PR163_TC09_Verify_DefaultCommision_Screen" name="DefaultCommision_MandatoryValidation_Gas" time="9.906"/>
  <testcase classname="com.Pricecast.Settings.Tests.PR163_TC09_Verify_DefaultCommision_Screen" name="DefaultCommision_RangeValidation_Power" time="12.303"/>
</testsuite> <!-- com.Pricecast.Settings.Tests.PR163_TC09_Verify_DefaultCommision_Screen -->
