<?xml version="1.0" encoding="UTF-8"?>
<!-- Generated by org.testng.reporters.JUnitReportReporter -->
<testsuite hostname="DESKTOP-LAETJ5A" failures="0" tests="1" name="com.Budgets.Utility.Electricity.PR008_Budget_V3_TC095_Utility_Electricity_PassthroughCharges_PublishedView_Combination_AmberAndRedValidation_FailedImport" time="16.930" errors="0" timestamp="27 Sep 2021 04:49:04 GMT">
  <testcase classname="com.Budgets.Utility.Electricity.PR008_Budget_V3_TC095_Utility_Electricity_PassthroughCharges_PublishedView_Combination_AmberAndRedValidation_FailedImport" name="BudgetConsoleVerifyTest" time="16.930"/>
</testsuite> <!-- com.Budgets.Utility.Electricity.PR008_Budget_V3_TC095_Utility_Electricity_PassthroughCharges_PublishedView_Combination_AmberAndRedValidation_FailedImport -->
