<?xml version="1.0" encoding="UTF-8"?>
<!-- Generated by org.testng.reporters.JUnitReportReporter -->
<testsuite hostname="DESKTOP-LAETJ5A" failures="0" tests="1" name="com.Budgets.Utility.Electricity.PR008_Budget_V3_TC122_BudgetConsole_Electricity_BudgetComparison_ValidInput_Green" time="19.049" errors="0" timestamp="20 Sep 2021 11:00:42 GMT">
  <testcase classname="com.Budgets.Utility.Electricity.PR008_Budget_V3_TC122_BudgetConsole_Electricity_BudgetComparison_ValidInput_Green" name="BudgetConsoleVerifyTest" time="19.049"/>
</testsuite> <!-- com.Budgets.Utility.Electricity.PR008_Budget_V3_TC122_BudgetConsole_Electricity_BudgetComparison_ValidInput_Green -->
