<?xml version="1.0" encoding="UTF-8"?>
<!-- Generated by org.testng.reporters.JUnitReportReporter -->
<testsuite hostname="DESKTOP-LAETJ5A" failures="0" tests="1" name="com.Budgets.Utility.Electricity.PR008_Budget_V3_TC106_Utility_Electricity_TPRs_Factors_TransmissionLossFactors_InvalidInput_RedValidation_FailedImport" time="16.369" errors="0" timestamp="27 Sep 2021 04:49:04 GMT">
  <testcase classname="com.Budgets.Utility.Electricity.PR008_Budget_V3_TC106_Utility_Electricity_TPRs_Factors_TransmissionLossFactors_InvalidInput_RedValidation_FailedImport" name="BudgetConsoleVerifyTest" time="16.369"/>
</testsuite> <!-- com.Budgets.Utility.Electricity.PR008_Budget_V3_TC106_Utility_Electricity_TPRs_Factors_TransmissionLossFactors_InvalidInput_RedValidation_FailedImport -->
