<?xml version="1.0" encoding="UTF-8"?>
<!-- Generated by org.testng.reporters.JUnitReportReporter -->
<testsuite hostname="DESKTOP-LAETJ5A" failures="0" tests="5" name="com.Pricecast.Tariff.PR163_TC01_Verify_Tariff_Access" time="46.598" errors="0" timestamp="20 Sep 2021 05:35:43 GMT">
  <testcase classname="com.Pricecast.Tariff.PR163_TC01_Verify_Tariff_Access" name="deleteTariff" time="9.540"/>
  <testcase classname="com.Pricecast.Tariff.PR163_TC01_Verify_Tariff_Access" name="Tariff_Success" time="4.073"/>
  <testcase classname="com.Pricecast.Tariff.PR163_TC01_Verify_Tariff_Access" name="verifyDuplicateUpload" time="16.569"/>
  <testcase classname="com.Pricecast.Tariff.PR163_TC01_Verify_Tariff_Access" name="reprocessTariff" time="7.275"/>
  <testcase classname="com.Pricecast.Tariff.PR163_TC01_Verify_Tariff_Access" name="UploadTariff" time="9.141"/>
</testsuite> <!-- com.Pricecast.Tariff.PR163_TC01_Verify_Tariff_Access -->
