<?xml version="1.0" encoding="UTF-8"?>
<!-- Generated by org.testng.reporters.JUnitReportReporter -->
<testsuite hostname="DESKTOP-LAETJ5A" failures="0" tests="7" name="com.Pricecast.AdminSettings.PR163_TC07_Verify_HelpText" time="78.796" errors="0" timestamp="27 Sep 2021 07:28:26 GMT">
  <testcase classname="com.Pricecast.AdminSettings.PR163_TC07_Verify_HelpText" name="deleteRow" time="8.603"/>
  <testcase classname="com.Pricecast.AdminSettings.PR163_TC07_Verify_HelpText" name="addNewRow" time="10.891"/>
  <testcase classname="com.Pricecast.AdminSettings.PR163_TC07_Verify_HelpText" name="mandatoryValidations" time="8.021"/>
  <testcase classname="com.Pricecast.AdminSettings.PR163_TC07_Verify_HelpText" name="duplicateValidation" time="15.161"/>
  <testcase classname="com.Pricecast.AdminSettings.PR163_TC07_Verify_HelpText" name="editRow" time="17.158"/>
  <testcase classname="com.Pricecast.AdminSettings.PR163_TC07_Verify_HelpText" name="errorValidations" time="11.108"/>
  <testcase classname="com.Pricecast.AdminSettings.PR163_TC07_Verify_HelpText" name="AccessHelpText" time="7.854"/>
</testsuite> <!-- com.Pricecast.AdminSettings.PR163_TC07_Verify_HelpText -->
