<?xml version="1.0" encoding="UTF-8"?>
<!-- Generated by org.testng.reporters.JUnitReportReporter -->
<testsuite hostname="DESKTOP-LAETJ5A" failures="0" tests="1" name="BudgetsSingle.PR008_Budget_V3_TC001_Utility_Electricity_Meters_ValidInput_GreenValidation" time="19.900" errors="0" timestamp="17 Sep 2021 11:09:23 GMT">
  <testcase classname="BudgetsSingle.PR008_Budget_V3_TC001_Utility_Electricity_Meters_ValidInput_GreenValidation" name="newBudget" time="19.900"/>
</testsuite> <!-- BudgetsSingle.PR008_Budget_V3_TC001_Utility_Electricity_Meters_ValidInput_GreenValidation -->
