<?xml version="1.0" encoding="UTF-8"?>
<!-- Generated by org.testng.reporters.JUnitReportReporter -->
<testsuite hostname="DESKTOP-LAETJ5A" failures="0" tests="1" name="com.Budgets.Utility.Electricity.PR008_Budget_V3_TC119_BudgetConsole_Electricity_InformationTab_InvalidInput_Red" time="105.670" errors="0" timestamp="27 Sep 2021 04:49:04 GMT">
  <testcase classname="com.Budgets.Utility.Electricity.PR008_Budget_V3_TC119_BudgetConsole_Electricity_InformationTab_InvalidInput_Red" name="BudgetConsoleVerifyTest" time="105.670"/>
</testsuite> <!-- com.Budgets.Utility.Electricity.PR008_Budget_V3_TC119_BudgetConsole_Electricity_InformationTab_InvalidInput_Red -->
