<?xml version="1.0" encoding="UTF-8"?>
<!-- Generated by org.testng.reporters.JUnitReportReporter -->
<testsuite hostname="DESKTOP-LAETJ5A" failures="0" tests="4" name="com.Pricecast.AdminSettings.PR163_TC08_Verify_ShowConfig" time="40.420" errors="0" timestamp="27 Sep 2021 07:28:26 GMT">
  <testcase classname="com.Pricecast.AdminSettings.PR163_TC08_Verify_ShowConfig" name="uploadConfig" time="9.434"/>
  <testcase classname="com.Pricecast.AdminSettings.PR163_TC08_Verify_ShowConfig" name="errorValidation" time="10.543"/>
  <testcase classname="com.Pricecast.AdminSettings.PR163_TC08_Verify_ShowConfig" name="AccessShowConfig" time="11.050"/>
  <testcase classname="com.Pricecast.AdminSettings.PR163_TC08_Verify_ShowConfig" name="exportExcel" time="9.393"/>
</testsuite> <!-- com.Pricecast.AdminSettings.PR163_TC08_Verify_ShowConfig -->
