<?xml version="1.0" encoding="UTF-8"?>
<!-- Generated by org.testng.reporters.JUnitReportReporter -->
<testsuite hostname="DESKTOP-LAETJ5A" failures="0" tests="1" name="com.Budgets.Utility.Electricity.PR008_Budget_V3_TC114_BudgetConsole_Electricity_InformationTab_Calculate_AmberValidation" time="119.403" errors="0" timestamp="27 Sep 2021 04:49:04 GMT">
  <testcase classname="com.Budgets.Utility.Electricity.PR008_Budget_V3_TC114_BudgetConsole_Electricity_InformationTab_Calculate_AmberValidation" name="BudgetConsoleVerifyTest" time="119.403"/>
</testsuite> <!-- com.Budgets.Utility.Electricity.PR008_Budget_V3_TC114_BudgetConsole_Electricity_InformationTab_Calculate_AmberValidation -->
