<?xml version="1.0" encoding="UTF-8"?>
<!-- Generated by org.testng.reporters.JUnitReportReporter -->
<testsuite hostname="DESKTOP-LAETJ5A" failures="0" tests="3" name="com.AutoII.PR184_TCO5_CustomerLogin" time="44.155" errors="0" timestamp="27 Sep 2021 08:03:08 GMT">
  <testcase classname="com.AutoII.PR184_TCO5_CustomerLogin" name="verifyCharacterCount" time="16.599"/>
  <testcase classname="com.AutoII.PR184_TCO5_CustomerLogin" name="errorValidation" time="9.398"/>
  <testcase classname="com.AutoII.PR184_TCO5_CustomerLogin" name="verifyCustomer" time="18.158"/>
</testsuite> <!-- com.AutoII.PR184_TCO5_CustomerLogin -->
