<?xml version="1.0" encoding="UTF-8"?>
<!-- Generated by org.testng.reporters.JUnitReportReporter -->
<testsuite hostname="DESKTOP-LAETJ5A" failures="0" tests="1" name="com.Budgets.Utility.Electricity.PR008_Budget_V3_TC066_Utility_Electricity_Meters_ValidInput_GreenValidation_CancelledImport" time="15.742" errors="0" timestamp="27 Sep 2021 04:49:04 GMT">
  <testcase classname="com.Budgets.Utility.Electricity.PR008_Budget_V3_TC066_Utility_Electricity_Meters_ValidInput_GreenValidation_CancelledImport" name="newBudget" time="15.742"/>
</testsuite> <!-- com.Budgets.Utility.Electricity.PR008_Budget_V3_TC066_Utility_Electricity_Meters_ValidInput_GreenValidation_CancelledImport -->
