<?xml version="1.0" encoding="UTF-8"?>
<!-- Generated by org.testng.reporters.JUnitReportReporter -->
<testsuite hostname="DESKTOP-LAETJ5A" failures="0" tests="1" name="com.Budgets.Utility.Electricity.PR008_Budget_V3_TC093_Utility_Electricity_PassthroughCharges_PublishedView_ValidInput_GreenValidation_CancelledImport" time="16.118" errors="0" timestamp="20 Sep 2021 11:00:42 GMT">
  <testcase classname="com.Budgets.Utility.Electricity.PR008_Budget_V3_TC093_Utility_Electricity_PassthroughCharges_PublishedView_ValidInput_GreenValidation_CancelledImport" name="BudgetConsoleVerifyTest" time="16.118"/>
</testsuite> <!-- com.Budgets.Utility.Electricity.PR008_Budget_V3_TC093_Utility_Electricity_PassthroughCharges_PublishedView_ValidInput_GreenValidation_CancelledImport -->
