<?xml version="1.0" encoding="UTF-8"?>
<!-- Generated by org.testng.reporters.JUnitReportReporter -->
<testsuite hostname="DESKTOP-LAETJ5A" failures="0" tests="1" name="com.Budgets.Utility.Electricity.PR008_Budget_V3_TC124_BudgetConsole_Electricity_BudgetComparison_InvalidInput_Red" time="17.701" errors="0" timestamp="20 Sep 2021 11:00:43 GMT">
  <testcase classname="com.Budgets.Utility.Electricity.PR008_Budget_V3_TC124_BudgetConsole_Electricity_BudgetComparison_InvalidInput_Red" name="BudgetConsoleVerifyTest" time="17.701"/>
</testsuite> <!-- com.Budgets.Utility.Electricity.PR008_Budget_V3_TC124_BudgetConsole_Electricity_BudgetComparison_InvalidInput_Red -->
