<?xml version="1.0" encoding="UTF-8"?>
<!-- Generated by org.testng.reporters.JUnitReportReporter -->
<testsuite hostname="DESKTOP-LAETJ5A" failures="0" tests="1" name="com.Budgets.Utility.Electricity.PR008_Budget_V3_TC012_Utility_Electricity_RateTimeBands_InvalidInput_RedValidation" time="15.544" errors="0" timestamp="27 Sep 2021 04:49:04 GMT">
  <testcase classname="com.Budgets.Utility.Electricity.PR008_Budget_V3_TC012_Utility_Electricity_RateTimeBands_InvalidInput_RedValidation" name="BudgetConsoleVerifyTest" time="15.544"/>
</testsuite> <!-- com.Budgets.Utility.Electricity.PR008_Budget_V3_TC012_Utility_Electricity_RateTimeBands_InvalidInput_RedValidation -->
