<?xml version="1.0" encoding="UTF-8"?>
<!-- Generated by org.testng.reporters.JUnitReportReporter -->
<testsuite hostname="DESKTOP-LAETJ5A" failures="0" tests="10" name="com.Pricecast.Settings.Tests.PR163_TC05_Verify_SupplierPriceAhead_Screen" time="118.112" errors="0" timestamp="20 Sep 2021 04:15:09 GMT">
  <testcase classname="com.Pricecast.Settings.Tests.PR163_TC05_Verify_SupplierPriceAhead_Screen" name="SupplierPiceAhead_MandatoryValidation_Gas" time="11.959"/>
  <testcase classname="com.Pricecast.Settings.Tests.PR163_TC05_Verify_SupplierPriceAhead_Screen" name="SupplierPriceAhead_columnVerification_Power" time="10.407"/>
  <testcase classname="com.Pricecast.Settings.Tests.PR163_TC05_Verify_SupplierPriceAhead_Screen" name="SupplierPriceAhead_Power" time="14.041"/>
  <testcase classname="com.Pricecast.Settings.Tests.PR163_TC05_Verify_SupplierPriceAhead_Screen" name="SupplierPiceAhead_RangeValidation_Gas" time="9.832"/>
  <testcase classname="com.Pricecast.Settings.Tests.PR163_TC05_Verify_SupplierPriceAhead_Screen" name="SupplierPiceAhead_MandatoryValidation_Power" time="12.925"/>
  <testcase classname="com.Pricecast.Settings.Tests.PR163_TC05_Verify_SupplierPriceAhead_Screen" name="SupplierPiceAhead_RangeValidation_Power" time="12.342"/>
  <testcase classname="com.Pricecast.Settings.Tests.PR163_TC05_Verify_SupplierPriceAhead_Screen" name="SupplierPiceAhead_NumericValidation_Gas" time="10.883"/>
  <testcase classname="com.Pricecast.Settings.Tests.PR163_TC05_Verify_SupplierPriceAhead_Screen" name="SupplierPriceAhead_columnVerification_Gas" time="8.306"/>
  <testcase classname="com.Pricecast.Settings.Tests.PR163_TC05_Verify_SupplierPriceAhead_Screen" name="SupplierPriceAhead_Gas" time="11.815"/>
  <testcase classname="com.Pricecast.Settings.Tests.PR163_TC05_Verify_SupplierPriceAhead_Screen" name="SupplierPiceAhead_NumericValidation_Power" time="15.602"/>
</testsuite> <!-- com.Pricecast.Settings.Tests.PR163_TC05_Verify_SupplierPriceAhead_Screen -->
