<?xml version="1.0" encoding="UTF-8"?>
<!-- Generated by org.testng.reporters.JUnitReportReporter -->
<testsuite hostname="DESKTOP-LAETJ5A" failures="0" tests="3" name="com.AutoII.PR184_TC01_AutoInstantInsights" time="19.363" errors="0" timestamp="20 Sep 2021 03:38:55 GMT">
  <testcase classname="com.AutoII.PR184_TC01_AutoInstantInsights" name="verifyFunctionality" time="14.830"/>
  <testcase classname="com.AutoII.PR184_TC01_AutoInstantInsights" name="errorValidation" time="2.174"/>
  <testcase classname="com.AutoII.PR184_TC01_AutoInstantInsights" name="verifyAutoII" time="2.359"/>
</testsuite> <!-- com.AutoII.PR184_TC01_AutoInstantInsights -->
