<?xml version="1.0" encoding="UTF-8"?>
<!-- Generated by org.testng.reporters.JUnitReportReporter -->
<testsuite hostname="DESKTOP-LAETJ5A" failures="0" tests="1" name="com.Budgets.Utility.Electricity.PR008_Budget_V3_TC123_BudgetConsole_Electricity_InformationTab_ConditionalInput_Amber" time="116.252" errors="0" timestamp="20 Sep 2021 11:00:42 GMT">
  <testcase classname="com.Budgets.Utility.Electricity.PR008_Budget_V3_TC123_BudgetConsole_Electricity_InformationTab_ConditionalInput_Amber" name="BudgetConsoleVerifyTest" time="116.252"/>
</testsuite> <!-- com.Budgets.Utility.Electricity.PR008_Budget_V3_TC123_BudgetConsole_Electricity_InformationTab_ConditionalInput_Amber -->
