<?xml version="1.0" encoding="UTF-8"?>
<!-- Generated by org.testng.reporters.JUnitReportReporter -->
<testsuite hostname="DESKTOP-LAETJ5A" failures="0" tests="7" name="com.Pricecast.Settings.Tests.PR163_TC012_Verify_GasSuppliers_Screen" time="68.467" errors="0" timestamp="20 Sep 2021 04:15:09 GMT">
  <testcase classname="com.Pricecast.Settings.Tests.PR163_TC012_Verify_GasSuppliers_Screen" name="AccessGasSupplier" time="6.744"/>
  <testcase classname="com.Pricecast.Settings.Tests.PR163_TC012_Verify_GasSuppliers_Screen" name="greaterValidation" time="10.487"/>
  <testcase classname="com.Pricecast.Settings.Tests.PR163_TC012_Verify_GasSuppliers_Screen" name="EditSupplier" time="11.064"/>
  <testcase classname="com.Pricecast.Settings.Tests.PR163_TC012_Verify_GasSuppliers_Screen" name="Mapping" time="14.409"/>
  <testcase classname="com.Pricecast.Settings.Tests.PR163_TC012_Verify_GasSuppliers_Screen" name="mandatoryValidations" time="10.167"/>
  <testcase classname="com.Pricecast.Settings.Tests.PR163_TC012_Verify_GasSuppliers_Screen" name="rangeValidations" time="10.138"/>
  <testcase classname="com.Pricecast.Settings.Tests.PR163_TC012_Verify_GasSuppliers_Screen" name="GasSupplierPageVerification" time="5.458"/>
</testsuite> <!-- com.Pricecast.Settings.Tests.PR163_TC012_Verify_GasSuppliers_Screen -->
