<?xml version="1.0" encoding="UTF-8"?>
<!-- Generated by org.testng.reporters.JUnitReportReporter -->
<testsuite hostname="DESKTOP-LAETJ5A" failures="0" tests="1" name="com.Budgets.Utility.Electricity.PR008_Budget_V3_TC041_Utility_Electricity_PassthroughCharges_InspiredEnergyView_ValidInput_GreenValidation" time="18.750" errors="0" timestamp="20 Sep 2021 11:00:43 GMT">
  <testcase classname="com.Budgets.Utility.Electricity.PR008_Budget_V3_TC041_Utility_Electricity_PassthroughCharges_InspiredEnergyView_ValidInput_GreenValidation" name="BudgetConsoleVerifyTest" time="18.750"/>
</testsuite> <!-- com.Budgets.Utility.Electricity.PR008_Budget_V3_TC041_Utility_Electricity_PassthroughCharges_InspiredEnergyView_ValidInput_GreenValidation -->
