<?xml version="1.0" encoding="UTF-8"?>
<!-- Generated by org.testng.reporters.JUnitReportReporter -->
<testsuite hostname="DESKTOP-LAETJ5A" failures="0" tests="1" name="com.Budgets.Utility.Electricity.PR008_Budget_V3_TC081_Utility_Electricity_ContractCharges_ValidInput_GreenValidation_CancelledImport" time="16.121" errors="0" timestamp="20 Sep 2021 11:00:43 GMT">
  <testcase classname="com.Budgets.Utility.Electricity.PR008_Budget_V3_TC081_Utility_Electricity_ContractCharges_ValidInput_GreenValidation_CancelledImport" name="BudgetConsoleVerifyTest" time="16.121"/>
</testsuite> <!-- com.Budgets.Utility.Electricity.PR008_Budget_V3_TC081_Utility_Electricity_ContractCharges_ValidInput_GreenValidation_CancelledImport -->
