<?xml version="1.0" encoding="UTF-8"?>
<!-- Generated by org.testng.reporters.JUnitReportReporter -->
<testsuite hostname="DESKTOP-LAETJ5A" failures="0" tests="8" name="com.Pricecast.Settings.Tests.PR163_TC07_Verify_SupplierVolumeBands_Screen" time="85.470" errors="0" timestamp="20 Sep 2021 04:15:09 GMT">
  <testcase classname="com.Pricecast.Settings.Tests.PR163_TC07_Verify_SupplierVolumeBands_Screen" name="SupplierVolumeBands_columnVerification_Gas" time="7.952"/>
  <testcase classname="com.Pricecast.Settings.Tests.PR163_TC07_Verify_SupplierVolumeBands_Screen" name="SupplierVolumeBands_Gas" time="10.415"/>
  <testcase classname="com.Pricecast.Settings.Tests.PR163_TC07_Verify_SupplierVolumeBands_Screen" name="SupplierVolumeBands_NumericValidation_Gas" time="10.915"/>
  <testcase classname="com.Pricecast.Settings.Tests.PR163_TC07_Verify_SupplierVolumeBands_Screen" name="SupplierVolumeBands_NumericValidation_Power" time="12.188"/>
  <testcase classname="com.Pricecast.Settings.Tests.PR163_TC07_Verify_SupplierVolumeBands_Screen" name="SupplierVolumeBands_RangeValidation_Gas" time="10.026"/>
  <testcase classname="com.Pricecast.Settings.Tests.PR163_TC07_Verify_SupplierVolumeBands_Screen" name="SupplierVolumeBands_RangeValidation_Power" time="12.046"/>
  <testcase classname="com.Pricecast.Settings.Tests.PR163_TC07_Verify_SupplierVolumeBands_Screen" name="SupplierVolumeBands_Power" time="12.143"/>
  <testcase classname="com.Pricecast.Settings.Tests.PR163_TC07_Verify_SupplierVolumeBands_Screen" name="SupplierVolumeBands_columnVerification_Power" time="9.785"/>
</testsuite> <!-- com.Pricecast.Settings.Tests.PR163_TC07_Verify_SupplierVolumeBands_Screen -->
